This file contains any messages produced by compilers while
running configure, to aid debugging if configure makes a mistake.

It was created by FULL-PACKAGE-NAME configure VERSION, which was
generated by GNU Autoconf 2.65.  Invocation command line was

  $ ./configure 

## --------- ##
## Platform. ##
## --------- ##

hostname = armor
uname -m = i686
uname -r = 2.6.32-21-generic
uname -s = Linux
uname -v = #32-Ubuntu SMP Fri Apr 16 08:10:02 UTC 2010

/usr/bin/uname -p = unknown
/bin/uname -X     = unknown

/bin/arch              = unknown
/usr/bin/arch -k       = unknown
/usr/convex/getsysinfo = unknown
/usr/bin/hostinfo      = unknown
/bin/machine           = unknown
/usr/bin/oslevel       = unknown
/bin/universe          = unknown

PATH: /usr/local/sbin
PATH: /usr/local/bin
PATH: /usr/sbin
PATH: /usr/bin
PATH: /sbin
PATH: /bin
PATH: /usr/games


## ----------- ##
## Core tests. ##
## ----------- ##

configure:2223: checking for gcc
configure:2239: found /usr/bin/gcc
configure:2250: result: gcc
configure:2479: checking for C compiler version
configure:2488: gcc --version >&5
gcc (Ubuntu 4.4.3-4ubuntu5) 4.4.3
Copyright (C) 2009 Free Software Foundation, Inc.
This is free software; see the source for copying conditions.  There is NO
warranty; not even for MERCHANTABILITY or FITNESS FOR A PARTICULAR PURPOSE.

configure:2499: $? = 0
configure:2488: gcc -v >&5
Using built-in specs.
Target: i486-linux-gnu
Configured with: ../src/configure -v --with-pkgversion='Ubuntu 4.4.3-4ubuntu5' --with-bugurl=file:///usr/share/doc/gcc-4.4/README.Bugs --enable-languages=c,c++,fortran,objc,obj-c++ --prefix=/usr --enable-shared --enable-multiarch --enable-linker-build-id --with-system-zlib --libexecdir=/usr/lib --without-included-gettext --enable-threads=posix --with-gxx-include-dir=/usr/include/c++/4.4 --program-suffix=-4.4 --enable-nls --enable-clocale=gnu --enable-libstdcxx-debug --enable-plugin --enable-objc-gc --enable-targets=all --disable-werror --with-arch-32=i486 --with-tune=generic --enable-checking=release --build=i486-linux-gnu --host=i486-linux-gnu --target=i486-linux-gnu
Thread model: posix
gcc version 4.4.3 (Ubuntu 4.4.3-4ubuntu5) 
configure:2499: $? = 0
configure:2488: gcc -V >&5
gcc: '-V' option must have argument
configure:2499: $? = 1
configure:2488: gcc -qversion >&5
gcc: unrecognized option '-qversion'
gcc: no input files
configure:2499: $? = 1
configure:2519: checking whether the C compiler works
configure:2541: gcc    conftest.c  >&5
configure:2545: $? = 0
configure:2594: result: yes
configure:2597: checking for C compiler default output file name
configure:2599: result: a.out
configure:2605: checking for suffix of executables
configure:2612: gcc -o conftest    conftest.c  >&5
configure:2616: $? = 0
configure:2638: result: 
configure:2660: checking whether we are cross compiling
configure:2668: gcc -o conftest    conftest.c  >&5
configure:2672: $? = 0
configure:2679: ./conftest
configure:2683: $? = 0
configure:2698: result: no
configure:2703: checking for suffix of object files
configure:2725: gcc -c   conftest.c >&5
configure:2729: $? = 0
configure:2750: result: o
configure:2754: checking whether we are using the GNU C compiler
configure:2773: gcc -c   conftest.c >&5
configure:2773: $? = 0
configure:2782: result: yes
configure:2791: checking whether gcc accepts -g
configure:2811: gcc -c -g  conftest.c >&5
configure:2811: $? = 0
configure:2852: result: yes
configure:2869: checking for gcc option to accept ISO C89
configure:2933: gcc  -c -g -O2  conftest.c >&5
configure:2933: $? = 0
configure:2946: result: none needed
configure:3011: checking for ranlib
configure:3027: found /usr/bin/ranlib
configure:3038: result: ranlib
configure:3068: checking how to run the C preprocessor
configure:3099: gcc -E  conftest.c
configure:3099: $? = 0
configure:3113: gcc -E  conftest.c
conftest.c:9:28: error: ac_nonexistent.h: No such file or directory
configure:3113: $? = 1
configure: failed program was:
| /* confdefs.h */
| #define PACKAGE_NAME "FULL-PACKAGE-NAME"
| #define PACKAGE_TARNAME "full-package-name"
| #define PACKAGE_VERSION "VERSION"
| #define PACKAGE_STRING "FULL-PACKAGE-NAME VERSION"
| #define PACKAGE_BUGREPORT "BUG-REPORT-ADDRESS"
| #define PACKAGE_URL ""
| /* end confdefs.h.  */
| #include <ac_nonexistent.h>
configure:3138: result: gcc -E
configure:3158: gcc -E  conftest.c
configure:3158: $? = 0
configure:3172: gcc -E  conftest.c
conftest.c:9:28: error: ac_nonexistent.h: No such file or directory
configure:3172: $? = 1
configure: failed program was:
| /* confdefs.h */
| #define PACKAGE_NAME "FULL-PACKAGE-NAME"
| #define PACKAGE_TARNAME "full-package-name"
| #define PACKAGE_VERSION "VERSION"
| #define PACKAGE_STRING "FULL-PACKAGE-NAME VERSION"
| #define PACKAGE_BUGREPORT "BUG-REPORT-ADDRESS"
| #define PACKAGE_URL ""
| /* end confdefs.h.  */
| #include <ac_nonexistent.h>
configure:3201: checking for grep that handles long lines and -e
configure:3259: result: /bin/grep
configure:3264: checking for egrep
configure:3326: result: /bin/grep -E
configure:3331: checking for ANSI C header files
configure:3351: gcc -c -g -O2  conftest.c >&5
configure:3351: $? = 0
configure:3424: gcc -o conftest -g -O2   conftest.c  >&5
configure:3424: $? = 0
configure:3424: ./conftest
configure:3424: $? = 0
configure:3435: result: yes
configure:3448: checking for sys/types.h
configure:3448: gcc -c -g -O2  conftest.c >&5
configure:3448: $? = 0
configure:3448: result: yes
configure:3448: checking for sys/stat.h
configure:3448: gcc -c -g -O2  conftest.c >&5
configure:3448: $? = 0
configure:3448: result: yes
configure:3448: checking for stdlib.h
configure:3448: gcc -c -g -O2  conftest.c >&5
configure:3448: $? = 0
configure:3448: result: yes
configure:3448: checking for string.h
configure:3448: gcc -c -g -O2  conftest.c >&5
configure:3448: $? = 0
configure:3448: result: yes
configure:3448: checking for memory.h
configure:3448: gcc -c -g -O2  conftest.c >&5
configure:3448: $? = 0
configure:3448: result: yes
configure:3448: checking for strings.h
configure:3448: gcc -c -g -O2  conftest.c >&5
configure:3448: $? = 0
configure:3448: result: yes
configure:3448: checking for inttypes.h
configure:3448: gcc -c -g -O2  conftest.c >&5
configure:3448: $? = 0
configure:3448: result: yes
configure:3448: checking for stdint.h
configure:3448: gcc -c -g -O2  conftest.c >&5
configure:3448: $? = 0
configure:3448: result: yes
configure:3448: checking for unistd.h
configure:3448: gcc -c -g -O2  conftest.c >&5
configure:3448: $? = 0
configure:3448: result: yes
configure:3464: checking arpa/inet.h usability
configure:3464: gcc -c -g -O2  conftest.c >&5
configure:3464: $? = 0
configure:3464: result: yes
configure:3464: checking arpa/inet.h presence
configure:3464: gcc -E  conftest.c
configure:3464: $? = 0
configure:3464: result: yes
configure:3464: checking for arpa/inet.h
configure:3464: result: yes
configure:3464: checking fcntl.h usability
configure:3464: gcc -c -g -O2  conftest.c >&5
configure:3464: $? = 0
configure:3464: result: yes
configure:3464: checking fcntl.h presence
configure:3464: gcc -E  conftest.c
configure:3464: $? = 0
configure:3464: result: yes
configure:3464: checking for fcntl.h
configure:3464: result: yes
configure:3464: checking netdb.h usability
configure:3464: gcc -c -g -O2  conftest.c >&5
configure:3464: $? = 0
configure:3464: result: yes
configure:3464: checking netdb.h presence
configure:3464: gcc -E  conftest.c
configure:3464: $? = 0
configure:3464: result: yes
configure:3464: checking for netdb.h
configure:3464: result: yes
configure:3464: checking netinet/in.h usability
configure:3464: gcc -c -g -O2  conftest.c >&5
configure:3464: $? = 0
configure:3464: result: yes
configure:3464: checking netinet/in.h presence
configure:3464: gcc -E  conftest.c
configure:3464: $? = 0
configure:3464: result: yes
configure:3464: checking for netinet/in.h
configure:3464: result: yes
configure:3464: checking stddef.h usability
configure:3464: gcc -c -g -O2  conftest.c >&5
configure:3464: $? = 0
configure:3464: result: yes
configure:3464: checking stddef.h presence
configure:3464: gcc -E  conftest.c
configure:3464: $? = 0
configure:3464: result: yes
configure:3464: checking for stddef.h
configure:3464: result: yes
configure:3464: checking for stdlib.h
configure:3464: result: yes
configure:3464: checking for string.h
configure:3464: result: yes
configure:3464: checking sys/socket.h usability
configure:3464: gcc -c -g -O2  conftest.c >&5
configure:3464: $? = 0
configure:3464: result: yes
configure:3464: checking sys/socket.h presence
configure:3464: gcc -E  conftest.c
configure:3464: $? = 0
configure:3464: result: yes
configure:3464: checking for sys/socket.h
configure:3464: result: yes
configure:3464: checking for unistd.h
configure:3464: result: yes
configure:3477: checking for inline
configure:3493: gcc -c -g -O2  conftest.c >&5
configure:3493: $? = 0
configure:3501: result: inline
configure:3519: checking for size_t
configure:3519: gcc -c -g -O2  conftest.c >&5
configure:3519: $? = 0
configure:3519: gcc -c -g -O2  conftest.c >&5
conftest.c: In function 'main':
conftest.c:64: error: expected expression before ')' token
configure:3519: $? = 1
configure: failed program was:
| /* confdefs.h */
| #define PACKAGE_NAME "FULL-PACKAGE-NAME"
| #define PACKAGE_TARNAME "full-package-name"
| #define PACKAGE_VERSION "VERSION"
| #define PACKAGE_STRING "FULL-PACKAGE-NAME VERSION"
| #define PACKAGE_BUGREPORT "BUG-REPORT-ADDRESS"
| #define PACKAGE_URL ""
| #define STDC_HEADERS 1
| #define HAVE_SYS_TYPES_H 1
| #define HAVE_SYS_STAT_H 1
| #define HAVE_STDLIB_H 1
| #define HAVE_STRING_H 1
| #define HAVE_MEMORY_H 1
| #define HAVE_STRINGS_H 1
| #define HAVE_INTTYPES_H 1
| #define HAVE_STDINT_H 1
| #define HAVE_UNISTD_H 1
| #define HAVE_ARPA_INET_H 1
| #define HAVE_FCNTL_H 1
| #define HAVE_NETDB_H 1
| #define HAVE_NETINET_IN_H 1
| #define HAVE_STDDEF_H 1
| #define HAVE_STDLIB_H 1
| #define HAVE_STRING_H 1
| #define HAVE_SYS_SOCKET_H 1
| #define HAVE_UNISTD_H 1
| /* end confdefs.h.  */
| #include <stdio.h>
| #ifdef HAVE_SYS_TYPES_H
| # include <sys/types.h>
| #endif
| #ifdef HAVE_SYS_STAT_H
| # include <sys/stat.h>
| #endif
| #ifdef STDC_HEADERS
| # include <stdlib.h>
| # include <stddef.h>
| #else
| # ifdef HAVE_STDLIB_H
| #  include <stdlib.h>
| # endif
| #endif
| #ifdef HAVE_STRING_H
| # if !defined STDC_HEADERS && defined HAVE_MEMORY_H
| #  include <memory.h>
| # endif
| # include <string.h>
| #endif
| #ifdef HAVE_STRINGS_H
| # include <strings.h>
| #endif
| #ifdef HAVE_INTTYPES_H
| # include <inttypes.h>
| #endif
| #ifdef HAVE_STDINT_H
| # include <stdint.h>
| #endif
| #ifdef HAVE_UNISTD_H
| # include <unistd.h>
| #endif
| int
| main ()
| {
| if (sizeof ((size_t)))
| 	    return 0;
|   ;
|   return 0;
| }
configure:3519: result: yes
configure:3530: checking for uint32_t
configure:3530: gcc -c -g -O2  conftest.c >&5
configure:3530: $? = 0
configure:3530: result: yes
configure:3544: checking for uint8_t
configure:3544: gcc -c -g -O2  conftest.c >&5
configure:3544: $? = 0
configure:3544: result: yes
configure:3562: checking for stdlib.h
configure:3562: result: yes
configure:3572: checking for GNU libc compatible malloc
configure:3596: gcc -o conftest -g -O2   conftest.c  >&5
configure:3596: $? = 0
configure:3596: ./conftest
configure:3596: $? = 0
configure:3606: result: yes
configure:3630: checking for bzero
configure:3630: gcc -o conftest -g -O2   conftest.c  >&5
conftest.c:53: warning: conflicting types for built-in function 'bzero'
configure:3630: $? = 0
configure:3630: result: yes
configure:3630: checking for ftruncate
configure:3630: gcc -o conftest -g -O2   conftest.c  >&5
configure:3630: $? = 0
configure:3630: result: yes
configure:3630: checking for memset
configure:3630: gcc -o conftest -g -O2   conftest.c  >&5
conftest.c:55: warning: conflicting types for built-in function 'memset'
configure:3630: $? = 0
configure:3630: result: yes
configure:3630: checking for socket
configure:3630: gcc -o conftest -g -O2   conftest.c  >&5
configure:3630: $? = 0
configure:3630: result: yes
configure:3630: checking for strerror
configure:3630: gcc -o conftest -g -O2   conftest.c  >&5
configure:3630: $? = 0
configure:3630: result: yes
configure:3630: checking for strrchr
configure:3630: gcc -o conftest -g -O2   conftest.c  >&5
conftest.c:58: warning: conflicting types for built-in function 'strrchr'
configure:3630: $? = 0
configure:3630: result: yes
configure:3745: creating ./config.status

## ---------------------- ##
## Running config.status. ##
## ---------------------- ##

This file was extended by FULL-PACKAGE-NAME config.status VERSION, which was
generated by GNU Autoconf 2.65.  Invocation command line was

  CONFIG_FILES    = 
  CONFIG_HEADERS  = 
  CONFIG_LINKS    = 
  CONFIG_COMMANDS = 
  $ ./config.status 

on armor

config.status:807: error: cannot find input file: `Makefile.in'

## ---------------- ##
## Cache variables. ##
## ---------------- ##

ac_cv_c_compiler_gnu=yes
ac_cv_c_inline=inline
ac_cv_c_uint32_t=yes
ac_cv_c_uint8_t=yes
ac_cv_env_CC_set=
ac_cv_env_CC_value=
ac_cv_env_CFLAGS_set=
ac_cv_env_CFLAGS_value=
ac_cv_env_CPPFLAGS_set=
ac_cv_env_CPPFLAGS_value=
ac_cv_env_CPP_set=
ac_cv_env_CPP_value=
ac_cv_env_LDFLAGS_set=
ac_cv_env_LDFLAGS_value=
ac_cv_env_LIBS_set=
ac_cv_env_LIBS_value=
ac_cv_env_build_alias_set=
ac_cv_env_build_alias_value=
ac_cv_env_host_alias_set=
ac_cv_env_host_alias_value=
ac_cv_env_target_alias_set=
ac_cv_env_target_alias_value=
ac_cv_func_bzero=yes
ac_cv_func_ftruncate=yes
ac_cv_func_malloc_0_nonnull=yes
ac_cv_func_memset=yes
ac_cv_func_socket=yes
ac_cv_func_strerror=yes
ac_cv_func_strrchr=yes
ac_cv_header_arpa_inet_h=yes
ac_cv_header_fcntl_h=yes
ac_cv_header_inttypes_h=yes
ac_cv_header_memory_h=yes
ac_cv_header_netdb_h=yes
ac_cv_header_netinet_in_h=yes
ac_cv_header_stdc=yes
ac_cv_header_stddef_h=yes
ac_cv_header_stdint_h=yes
ac_cv_header_stdlib_h=yes
ac_cv_header_string_h=yes
ac_cv_header_strings_h=yes
ac_cv_header_sys_socket_h=yes
ac_cv_header_sys_stat_h=yes
ac_cv_header_sys_types_h=yes
ac_cv_header_unistd_h=yes
ac_cv_objext=o
ac_cv_path_EGREP='/bin/grep -E'
ac_cv_path_GREP=/bin/grep
ac_cv_prog_CPP='gcc -E'
ac_cv_prog_ac_ct_CC=gcc
ac_cv_prog_ac_ct_RANLIB=ranlib
ac_cv_prog_cc_c89=
ac_cv_prog_cc_g=yes
ac_cv_type_size_t=yes

## ----------------- ##
## Output variables. ##
## ----------------- ##

CC='gcc'
CFLAGS='-g -O2'
CPP='gcc -E'
CPPFLAGS=''
DEFS='-DHAVE_CONFIG_H'
ECHO_C=''
ECHO_N='-n'
ECHO_T=''
EGREP='/bin/grep -E'
EXEEXT=''
GREP='/bin/grep'
LDFLAGS=''
LIBOBJS=''
LIBS=''
LTLIBOBJS=''
OBJEXT='o'
PACKAGE_BUGREPORT='BUG-REPORT-ADDRESS'
PACKAGE_NAME='FULL-PACKAGE-NAME'
PACKAGE_STRING='FULL-PACKAGE-NAME VERSION'
PACKAGE_TARNAME='full-package-name'
PACKAGE_URL=''
PACKAGE_VERSION='VERSION'
PATH_SEPARATOR=':'
RANLIB='ranlib'
SHELL='/bin/bash'
ac_ct_CC='gcc'
bindir='${exec_prefix}/bin'
build_alias=''
datadir='${datarootdir}'
datarootdir='${prefix}/share'
docdir='${datarootdir}/doc/${PACKAGE_TARNAME}'
dvidir='${docdir}'
exec_prefix='${prefix}'
host_alias=''
htmldir='${docdir}'
includedir='${prefix}/include'
infodir='${datarootdir}/info'
libdir='${exec_prefix}/lib'
libexecdir='${exec_prefix}/libexec'
localedir='${datarootdir}/locale'
localstatedir='${prefix}/var'
mandir='${datarootdir}/man'
oldincludedir='/usr/include'
pdfdir='${docdir}'
prefix='/usr/local'
program_transform_name='s,x,x,'
psdir='${docdir}'
sbindir='${exec_prefix}/sbin'
sharedstatedir='${prefix}/com'
sysconfdir='${prefix}/etc'
target_alias=''

## ----------- ##
## confdefs.h. ##
## ----------- ##

/* confdefs.h */
#define PACKAGE_NAME "FULL-PACKAGE-NAME"
#define PACKAGE_TARNAME "full-package-name"
#define PACKAGE_VERSION "VERSION"
#define PACKAGE_STRING "FULL-PACKAGE-NAME VERSION"
#define PACKAGE_BUGREPORT "BUG-REPORT-ADDRESS"
#define PACKAGE_URL ""
#define STDC_HEADERS 1
#define HAVE_SYS_TYPES_H 1
#define HAVE_SYS_STAT_H 1
#define HAVE_STDLIB_H 1
#define HAVE_STRING_H 1
#define HAVE_MEMORY_H 1
#define HAVE_STRINGS_H 1
#define HAVE_INTTYPES_H 1
#define HAVE_STDINT_H 1
#define HAVE_UNISTD_H 1
#define HAVE_ARPA_INET_H 1
#define HAVE_FCNTL_H 1
#define HAVE_NETDB_H 1
#define HAVE_NETINET_IN_H 1
#define HAVE_STDDEF_H 1
#define HAVE_STDLIB_H 1
#define HAVE_STRING_H 1
#define HAVE_SYS_SOCKET_H 1
#define HAVE_UNISTD_H 1
#define HAVE_STDLIB_H 1
#define HAVE_MALLOC 1
#define HAVE_BZERO 1
#define HAVE_FTRUNCATE 1
#define HAVE_MEMSET 1
#define HAVE_SOCKET 1
#define HAVE_STRERROR 1
#define HAVE_STRRCHR 1

configure: exit 1
