This file contains any messages produced by compilers while
running configure, to aid debugging if configure makes a mistake.

It was created by ifreechat configure 0.1, which was
generated by GNU Autoconf 2.65.  Invocation command line was

  $ ./configure 

## --------- ##
## Platform. ##
## --------- ##

hostname = armor
uname -m = i686
uname -r = 2.6.32-21-generic
uname -s = Linux
uname -v = #32-Ubuntu SMP Fri Apr 16 08:10:02 UTC 2010

/usr/bin/uname -p = unknown
/bin/uname -X     = unknown

/bin/arch              = unknown
/usr/bin/arch -k       = unknown
/usr/convex/getsysinfo = unknown
/usr/bin/hostinfo      = unknown
/bin/machine           = unknown
/usr/bin/oslevel       = unknown
/bin/universe          = unknown

PATH: /usr/local/sbin
PATH: /usr/local/bin
PATH: /usr/sbin
PATH: /usr/bin
PATH: /sbin
PATH: /bin
PATH: /usr/games.
PATH: /home/youngtrips/go/go/bin


## ----------- ##
## Core tests. ##
## ----------- ##

configure:2560: checking for a BSD-compatible install
configure:2628: result: /usr/bin/install -c
configure:2639: checking whether build environment is sane
configure:2689: result: yes
configure:2830: checking for a thread-safe mkdir -p
configure:2869: result: /bin/mkdir -p
configure:2882: checking for gawk
configure:2898: found /usr/bin/gawk
configure:2909: result: gawk
configure:2920: checking whether make sets $(MAKE)
configure:2942: result: yes
configure:3071: checking for gcc
configure:3087: found /usr/bin/gcc
configure:3098: result: gcc
configure:3327: checking for C compiler version
configure:3336: gcc --version >&5
gcc (Ubuntu 4.4.3-4ubuntu5) 4.4.3
Copyright (C) 2009 Free Software Foundation, Inc.
This is free software; see the source for copying conditions.  There is NO
warranty; not even for MERCHANTABILITY or FITNESS FOR A PARTICULAR PURPOSE.

configure:3347: $? = 0
configure:3336: gcc -v >&5
Using built-in specs.
Target: i486-linux-gnu
Configured with: ../src/configure -v --with-pkgversion='Ubuntu 4.4.3-4ubuntu5' --with-bugurl=file:///usr/share/doc/gcc-4.4/README.Bugs --enable-languages=c,c++,fortran,objc,obj-c++ --prefix=/usr --enable-shared --enable-multiarch --enable-linker-build-id --with-system-zlib --libexecdir=/usr/lib --without-included-gettext --enable-threads=posix --with-gxx-include-dir=/usr/include/c++/4.4 --program-suffix=-4.4 --enable-nls --enable-clocale=gnu --enable-libstdcxx-debug --enable-plugin --enable-objc-gc --enable-targets=all --disable-werror --with-arch-32=i486 --with-tune=generic --enable-checking=release --build=i486-linux-gnu --host=i486-linux-gnu --target=i486-linux-gnu
Thread model: posix
gcc version 4.4.3 (Ubuntu 4.4.3-4ubuntu5) 
configure:3347: $? = 0
configure:3336: gcc -V >&5
gcc: '-V' option must have argument
configure:3347: $? = 1
configure:3336: gcc -qversion >&5
gcc: unrecognized option '-qversion'
gcc: no input files
configure:3347: $? = 1
configure:3367: checking whether the C compiler works
configure:3389: gcc    conftest.c  >&5
configure:3393: $? = 0
configure:3442: result: yes
configure:3445: checking for C compiler default output file name
configure:3447: result: a.out
configure:3453: checking for suffix of executables
configure:3460: gcc -o conftest    conftest.c  >&5
configure:3464: $? = 0
configure:3486: result: 
configure:3508: checking whether we are cross compiling
configure:3516: gcc -o conftest    conftest.c  >&5
configure:3520: $? = 0
configure:3527: ./conftest
configure:3531: $? = 0
configure:3546: result: no
configure:3551: checking for suffix of object files
configure:3573: gcc -c   conftest.c >&5
configure:3577: $? = 0
configure:3598: result: o
configure:3602: checking whether we are using the GNU C compiler
configure:3621: gcc -c   conftest.c >&5
configure:3621: $? = 0
configure:3630: result: yes
configure:3639: checking whether gcc accepts -g
configure:3659: gcc -c -g  conftest.c >&5
configure:3659: $? = 0
configure:3700: result: yes
configure:3717: checking for gcc option to accept ISO C89
configure:3781: gcc  -c -g -O2  conftest.c >&5
configure:3781: $? = 0
configure:3794: result: none needed
configure:3825: checking for style of include used by make
configure:3853: result: GNU
configure:3878: checking dependency style of gcc
configure:3988: result: gcc3
configure:4004: checking whether gcc and cc understand -c and -o together
configure:4035: gcc -c conftest.c -o conftest2.o >&5
configure:4039: $? = 0
configure:4045: gcc -c conftest.c -o conftest2.o >&5
configure:4049: $? = 0
configure:4060: cc -c conftest.c >&5
configure:4064: $? = 0
configure:4072: cc -c conftest.c -o conftest2.o >&5
configure:4076: $? = 0
configure:4082: cc -c conftest.c -o conftest2.o >&5
configure:4086: $? = 0
configure:4104: result: yes
configure:4175: checking for ranlib
configure:4191: found /usr/bin/ranlib
configure:4202: result: ranlib
configure:4253: checking build system type
configure:4267: result: i686-pc-linux-gnu
configure:4287: checking host system type
configure:4300: result: i686-pc-linux-gnu
configure:4320: checking for a sed that does not truncate output
configure:4384: result: /bin/sed
configure:4402: checking for grep that handles long lines and -e
configure:4460: result: /bin/grep
configure:4465: checking for egrep
configure:4527: result: /bin/grep -E
configure:4532: checking for fgrep
configure:4594: result: /bin/grep -F
configure:4629: checking for ld used by gcc
configure:4696: result: /usr/bin/ld
configure:4703: checking if the linker (/usr/bin/ld) is GNU ld
configure:4718: result: yes
configure:4730: checking for BSD- or MS-compatible name lister (nm)
configure:4779: result: /usr/bin/nm -B
configure:4897: checking the name lister (/usr/bin/nm -B) interface
configure:4904: gcc -c -g -O2  conftest.c >&5
configure:4907: /usr/bin/nm -B "conftest.o"
configure:4910: output
00000000 B some_variable
configure:4917: result: BSD nm
configure:4920: checking whether ln -s works
configure:4924: result: yes
configure:4932: checking the maximum length of command line arguments
configure:5052: result: 1572864
configure:5069: checking whether the shell understands some XSI constructs
configure:5079: result: yes
configure:5083: checking whether the shell understands "+="
configure:5089: result: yes
configure:5124: checking for /usr/bin/ld option to reload object files
configure:5131: result: -r
configure:5200: checking for objdump
configure:5216: found /usr/bin/objdump
configure:5227: result: objdump
configure:5259: checking how to recognize dependent libraries
configure:5455: result: pass_all
configure:5515: checking for ar
configure:5531: found /usr/bin/ar
configure:5542: result: ar
configure:5620: checking for strip
configure:5636: found /usr/bin/strip
configure:5647: result: strip
configure:5719: checking for ranlib
configure:5746: result: ranlib
configure:5836: checking command to parse /usr/bin/nm -B output from gcc object
configure:5954: gcc -c -g -O2  conftest.c >&5
configure:5957: $? = 0
configure:5961: /usr/bin/nm -B conftest.o \| sed -n -e 's/^.*[	 ]\([ABCDGIRSTW][ABCDGIRSTW]*\)[	 ][	 ]*\([_A-Za-z][_A-Za-z0-9]*\)$/\1 \2 \2/p' \> conftest.nm
configure:5964: $? = 0
configure:6018: gcc -o conftest -g -O2   conftest.c conftstm.o >&5
configure:6021: $? = 0
configure:6059: result: ok
configure:6868: checking how to run the C preprocessor
configure:6899: gcc -E  conftest.c
configure:6899: $? = 0
configure:6913: gcc -E  conftest.c
conftest.c:11:28: error: ac_nonexistent.h: No such file or directory
configure:6913: $? = 1
configure: failed program was:
| /* confdefs.h */
| #define PACKAGE_NAME "ifreechat"
| #define PACKAGE_TARNAME "ifreechat"
| #define PACKAGE_VERSION "0.1"
| #define PACKAGE_STRING "ifreechat 0.1"
| #define PACKAGE_BUGREPORT "http://codedelight.net"
| #define PACKAGE_URL ""
| #define PACKAGE "ifreechat"
| #define VERSION "0.1"
| /* end confdefs.h.  */
| #include <ac_nonexistent.h>
configure:6938: result: gcc -E
configure:6958: gcc -E  conftest.c
configure:6958: $? = 0
configure:6972: gcc -E  conftest.c
conftest.c:11:28: error: ac_nonexistent.h: No such file or directory
configure:6972: $? = 1
configure: failed program was:
| /* confdefs.h */
| #define PACKAGE_NAME "ifreechat"
| #define PACKAGE_TARNAME "ifreechat"
| #define PACKAGE_VERSION "0.1"
| #define PACKAGE_STRING "ifreechat 0.1"
| #define PACKAGE_BUGREPORT "http://codedelight.net"
| #define PACKAGE_URL ""
| #define PACKAGE "ifreechat"
| #define VERSION "0.1"
| /* end confdefs.h.  */
| #include <ac_nonexistent.h>
configure:7001: checking for ANSI C header files
configure:7021: gcc -c -g -O2  conftest.c >&5
configure:7021: $? = 0
configure:7094: gcc -o conftest -g -O2   conftest.c  >&5
configure:7094: $? = 0
configure:7094: ./conftest
configure:7094: $? = 0
configure:7105: result: yes
configure:7118: checking for sys/types.h
configure:7118: gcc -c -g -O2  conftest.c >&5
configure:7118: $? = 0
configure:7118: result: yes
configure:7118: checking for sys/stat.h
configure:7118: gcc -c -g -O2  conftest.c >&5
configure:7118: $? = 0
configure:7118: result: yes
configure:7118: checking for stdlib.h
configure:7118: gcc -c -g -O2  conftest.c >&5
configure:7118: $? = 0
configure:7118: result: yes
configure:7118: checking for string.h
configure:7118: gcc -c -g -O2  conftest.c >&5
configure:7118: $? = 0
configure:7118: result: yes
configure:7118: checking for memory.h
configure:7118: gcc -c -g -O2  conftest.c >&5
configure:7118: $? = 0
configure:7118: result: yes
configure:7118: checking for strings.h
configure:7118: gcc -c -g -O2  conftest.c >&5
configure:7118: $? = 0
configure:7118: result: yes
configure:7118: checking for inttypes.h
configure:7118: gcc -c -g -O2  conftest.c >&5
configure:7118: $? = 0
configure:7118: result: yes
configure:7118: checking for stdint.h
configure:7118: gcc -c -g -O2  conftest.c >&5
configure:7118: $? = 0
configure:7118: result: yes
configure:7118: checking for unistd.h
configure:7118: gcc -c -g -O2  conftest.c >&5
configure:7118: $? = 0
configure:7118: result: yes
configure:7133: checking for dlfcn.h
configure:7133: gcc -c -g -O2  conftest.c >&5
configure:7133: $? = 0
configure:7133: result: yes
configure:7317: checking for objdir
configure:7332: result: .libs
configure:7624: checking if gcc supports -fno-rtti -fno-exceptions
configure:7642: gcc -c -g -O2  -fno-rtti -fno-exceptions conftest.c >&5
cc1: warning: command line option "-fno-rtti" is valid for C++/ObjC++ but not for C
configure:7646: $? = 0
configure:7659: result: no
configure:7679: checking for gcc option to produce PIC
configure:7951: result: -fPIC -DPIC
configure:7963: checking if gcc PIC flag -fPIC -DPIC works
configure:7981: gcc -c -g -O2  -fPIC -DPIC -DPIC conftest.c >&5
configure:7985: $? = 0
configure:7998: result: yes
configure:8022: checking if gcc static flag -static works
configure:8050: result: yes
configure:8065: checking if gcc supports -c -o file.o
configure:8086: gcc -c -g -O2  -o out/conftest2.o conftest.c >&5
configure:8090: $? = 0
configure:8112: result: yes
configure:8120: checking if gcc supports -c -o file.o
configure:8167: result: yes
configure:8200: checking whether the gcc linker (/usr/bin/ld) supports shared libraries
configure:9191: result: yes
configure:9228: checking whether -lc should be explicitly linked in
configure:9233: gcc -c -g -O2  conftest.c >&5
configure:9236: $? = 0
configure:9251: gcc -shared conftest.o  -v -Wl,-soname -Wl,conftest -o conftest 2\>\&1 \| /bin/grep  -lc  \>/dev/null 2\>\&1
configure:9254: $? = 0
configure:9266: result: no
configure:9430: checking dynamic linker characteristics
configure:9863: gcc -o conftest -g -O2   -Wl,-rpath -Wl,/foo conftest.c  >&5
configure:9863: $? = 0
configure:10093: result: GNU/Linux ld.so
configure:10195: checking how to hardcode library paths into programs
configure:10220: result: immediate
configure:10740: checking whether stripping libraries is possible
configure:10745: result: yes
configure:10780: checking if libtool supports shared libraries
configure:10782: result: yes
configure:10785: checking whether to build shared libraries
configure:10806: result: yes
configure:10809: checking whether to build static libraries
configure:10813: result: yes
configure:10853: checking arpa/inet.h usability
configure:10853: gcc -c -g -O2  conftest.c >&5
configure:10853: $? = 0
configure:10853: result: yes
configure:10853: checking arpa/inet.h presence
configure:10853: gcc -E  conftest.c
configure:10853: $? = 0
configure:10853: result: yes
configure:10853: checking for arpa/inet.h
configure:10853: result: yes
configure:10853: checking fcntl.h usability
configure:10853: gcc -c -g -O2  conftest.c >&5
configure:10853: $? = 0
configure:10853: result: yes
configure:10853: checking fcntl.h presence
configure:10853: gcc -E  conftest.c
configure:10853: $? = 0
configure:10853: result: yes
configure:10853: checking for fcntl.h
configure:10853: result: yes
configure:10853: checking netdb.h usability
configure:10853: gcc -c -g -O2  conftest.c >&5
configure:10853: $? = 0
configure:10853: result: yes
configure:10853: checking netdb.h presence
configure:10853: gcc -E  conftest.c
configure:10853: $? = 0
configure:10853: result: yes
configure:10853: checking for netdb.h
configure:10853: result: yes
configure:10853: checking netinet/in.h usability
configure:10853: gcc -c -g -O2  conftest.c >&5
configure:10853: $? = 0
configure:10853: result: yes
configure:10853: checking netinet/in.h presence
configure:10853: gcc -E  conftest.c
configure:10853: $? = 0
configure:10853: result: yes
configure:10853: checking for netinet/in.h
configure:10853: result: yes
configure:10853: checking stddef.h usability
configure:10853: gcc -c -g -O2  conftest.c >&5
configure:10853: $? = 0
configure:10853: result: yes
configure:10853: checking stddef.h presence
configure:10853: gcc -E  conftest.c
configure:10853: $? = 0
configure:10853: result: yes
configure:10853: checking for stddef.h
configure:10853: result: yes
configure:10853: checking for stdint.h
configure:10853: result: yes
configure:10853: checking for stdlib.h
configure:10853: result: yes
configure:10853: checking for string.h
configure:10853: result: yes
configure:10853: checking sys/socket.h usability
configure:10853: gcc -c -g -O2  conftest.c >&5
configure:10853: $? = 0
configure:10853: result: yes
configure:10853: checking sys/socket.h presence
configure:10853: gcc -E  conftest.c
configure:10853: $? = 0
configure:10853: result: yes
configure:10853: checking for sys/socket.h
configure:10853: result: yes
configure:10853: checking for unistd.h
configure:10853: result: yes
configure:10915: checking for pkg-config
configure:10933: found /usr/bin/pkg-config
configure:10945: result: /usr/bin/pkg-config
configure:10970: checking pkg-config is at least version 0.9.0
configure:10973: result: yes
configure:10984: checking for GTK
configure:10992: $PKG_CONFIG --exists --print-errors "gtk+-2.0 >= 2.16"
configure:10995: $? = 0
configure:11010: $PKG_CONFIG --exists --print-errors "gtk+-2.0 >= 2.16"
configure:11013: $? = 0
configure:11068: result: yes
configure:11081: checking for GLIB2
configure:11091: $PKG_CONFIG --exists --print-errors "
		glib-2.0 >= 2.14
		"
configure:11096: $? = 0
configure:11115: $PKG_CONFIG --exists --print-errors "
		glib-2.0 >= 2.14
		"
configure:11120: $? = 0
configure:11183: result: yes
configure:11190: checking for LIBGLADE
configure:11200: $PKG_CONFIG --exists --print-errors "
		libglade-2.0 >= 2.0
		"
configure:11205: $? = 0
configure:11224: $PKG_CONFIG --exists --print-errors "
		libglade-2.0 >= 2.0
		"
configure:11229: $? = 0
configure:11292: result: yes
configure:11300: checking for LIBXML
configure:11308: $PKG_CONFIG --exists --print-errors "libxml-2.0"
configure:11311: $? = 0
configure:11326: $PKG_CONFIG --exists --print-errors "libxml-2.0"
configure:11329: $? = 0
configure:11384: result: yes
configure:11396: checking for inline
configure:11412: gcc -c -g -O2  conftest.c >&5
configure:11412: $? = 0
configure:11420: result: inline
configure:11438: checking for int64_t
configure:11438: gcc -c -g -O2  conftest.c >&5
configure:11438: $? = 0
configure:11438: gcc -c -g -O2  conftest.c >&5
conftest.c: In function 'main':
conftest.c:73: warning: integer overflow in expression
conftest.c:73: error: size of array 'test_array' is negative
configure:11438: $? = 1
configure: failed program was:
| /* confdefs.h */
| #define PACKAGE_NAME "ifreechat"
| #define PACKAGE_TARNAME "ifreechat"
| #define PACKAGE_VERSION "0.1"
| #define PACKAGE_STRING "ifreechat 0.1"
| #define PACKAGE_BUGREPORT "http://codedelight.net"
| #define PACKAGE_URL ""
| #define PACKAGE "ifreechat"
| #define VERSION "0.1"
| #define STDC_HEADERS 1
| #define HAVE_SYS_TYPES_H 1
| #define HAVE_SYS_STAT_H 1
| #define HAVE_STDLIB_H 1
| #define HAVE_STRING_H 1
| #define HAVE_MEMORY_H 1
| #define HAVE_STRINGS_H 1
| #define HAVE_INTTYPES_H 1
| #define HAVE_STDINT_H 1
| #define HAVE_UNISTD_H 1
| #define HAVE_DLFCN_H 1
| #define LT_OBJDIR ".libs/"
| #define HAVE_ARPA_INET_H 1
| #define HAVE_FCNTL_H 1
| #define HAVE_NETDB_H 1
| #define HAVE_NETINET_IN_H 1
| #define HAVE_STDDEF_H 1
| #define HAVE_STDINT_H 1
| #define HAVE_STDLIB_H 1
| #define HAVE_STRING_H 1
| #define HAVE_SYS_SOCKET_H 1
| #define HAVE_UNISTD_H 1
| #define USE_GTK 1
| #define USE_LIBXML 1
| /* end confdefs.h.  */
| #include <stdio.h>
| #ifdef HAVE_SYS_TYPES_H
| # include <sys/types.h>
| #endif
| #ifdef HAVE_SYS_STAT_H
| # include <sys/stat.h>
| #endif
| #ifdef STDC_HEADERS
| # include <stdlib.h>
| # include <stddef.h>
| #else
| # ifdef HAVE_STDLIB_H
| #  include <stdlib.h>
| # endif
| #endif
| #ifdef HAVE_STRING_H
| # if !defined STDC_HEADERS && defined HAVE_MEMORY_H
| #  include <memory.h>
| # endif
| # include <string.h>
| #endif
| #ifdef HAVE_STRINGS_H
| # include <strings.h>
| #endif
| #ifdef HAVE_INTTYPES_H
| # include <inttypes.h>
| #endif
| #ifdef HAVE_STDINT_H
| # include <stdint.h>
| #endif
| #ifdef HAVE_UNISTD_H
| # include <unistd.h>
| #endif
| 	        enum { N = 64 / 2 - 1 };
| int
| main ()
| {
| static int test_array [1 - 2 * !((int64_t) (((((int64_t) 1 << N) << N) - 1) * 2 + 1)
| 		 < (int64_t) (((((int64_t) 1 << N) << N) - 1) * 2 + 2))];
| test_array [0] = 0
| 
|   ;
|   return 0;
| }
configure:11438: result: yes
configure:11449: checking for size_t
configure:11449: gcc -c -g -O2  conftest.c >&5
configure:11449: $? = 0
configure:11449: gcc -c -g -O2  conftest.c >&5
conftest.c: In function 'main':
conftest.c:71: error: expected expression before ')' token
configure:11449: $? = 1
configure: failed program was:
| /* confdefs.h */
| #define PACKAGE_NAME "ifreechat"
| #define PACKAGE_TARNAME "ifreechat"
| #define PACKAGE_VERSION "0.1"
| #define PACKAGE_STRING "ifreechat 0.1"
| #define PACKAGE_BUGREPORT "http://codedelight.net"
| #define PACKAGE_URL ""
| #define PACKAGE "ifreechat"
| #define VERSION "0.1"
| #define STDC_HEADERS 1
| #define HAVE_SYS_TYPES_H 1
| #define HAVE_SYS_STAT_H 1
| #define HAVE_STDLIB_H 1
| #define HAVE_STRING_H 1
| #define HAVE_MEMORY_H 1
| #define HAVE_STRINGS_H 1
| #define HAVE_INTTYPES_H 1
| #define HAVE_STDINT_H 1
| #define HAVE_UNISTD_H 1
| #define HAVE_DLFCN_H 1
| #define LT_OBJDIR ".libs/"
| #define HAVE_ARPA_INET_H 1
| #define HAVE_FCNTL_H 1
| #define HAVE_NETDB_H 1
| #define HAVE_NETINET_IN_H 1
| #define HAVE_STDDEF_H 1
| #define HAVE_STDINT_H 1
| #define HAVE_STDLIB_H 1
| #define HAVE_STRING_H 1
| #define HAVE_SYS_SOCKET_H 1
| #define HAVE_UNISTD_H 1
| #define USE_GTK 1
| #define USE_LIBXML 1
| /* end confdefs.h.  */
| #include <stdio.h>
| #ifdef HAVE_SYS_TYPES_H
| # include <sys/types.h>
| #endif
| #ifdef HAVE_SYS_STAT_H
| # include <sys/stat.h>
| #endif
| #ifdef STDC_HEADERS
| # include <stdlib.h>
| # include <stddef.h>
| #else
| # ifdef HAVE_STDLIB_H
| #  include <stdlib.h>
| # endif
| #endif
| #ifdef HAVE_STRING_H
| # if !defined STDC_HEADERS && defined HAVE_MEMORY_H
| #  include <memory.h>
| # endif
| # include <string.h>
| #endif
| #ifdef HAVE_STRINGS_H
| # include <strings.h>
| #endif
| #ifdef HAVE_INTTYPES_H
| # include <inttypes.h>
| #endif
| #ifdef HAVE_STDINT_H
| # include <stdint.h>
| #endif
| #ifdef HAVE_UNISTD_H
| # include <unistd.h>
| #endif
| int
| main ()
| {
| if (sizeof ((size_t)))
| 	    return 0;
|   ;
|   return 0;
| }
configure:11449: result: yes
configure:11460: checking for uint16_t
configure:11460: gcc -c -g -O2  conftest.c >&5
configure:11460: $? = 0
configure:11460: result: yes
configure:11472: checking for uint32_t
configure:11472: gcc -c -g -O2  conftest.c >&5
configure:11472: $? = 0
configure:11472: result: yes
configure:11486: checking for uint8_t
configure:11486: gcc -c -g -O2  conftest.c >&5
configure:11486: $? = 0
configure:11486: result: yes
configure:11502: checking for pthread_create in -lpthread
configure:11527: gcc -o conftest -g -O2   conftest.c -lpthread   >&5
configure:11527: $? = 0
configure:11536: result: yes
configure:11549: checking for stdlib.h
configure:11549: result: yes
configure:11559: checking for GNU libc compatible malloc
configure:11583: gcc -o conftest -g -O2   conftest.c -lpthread  >&5
configure:11583: $? = 0
configure:11583: ./conftest
configure:11583: $? = 0
configure:11593: result: yes
configure:11617: checking for bzero
configure:11617: gcc -o conftest -g -O2   conftest.c -lpthread  >&5
conftest.c:61: warning: conflicting types for built-in function 'bzero'
configure:11617: $? = 0
configure:11617: result: yes
configure:11617: checking for ftruncate
configure:11617: gcc -o conftest -g -O2   conftest.c -lpthread  >&5
configure:11617: $? = 0
configure:11617: result: yes
configure:11617: checking for memset
configure:11617: gcc -o conftest -g -O2   conftest.c -lpthread  >&5
conftest.c:63: warning: conflicting types for built-in function 'memset'
configure:11617: $? = 0
configure:11617: result: yes
configure:11617: checking for socket
configure:11617: gcc -o conftest -g -O2   conftest.c -lpthread  >&5
configure:11617: $? = 0
configure:11617: result: yes
configure:11617: checking for strcasecmp
configure:11617: gcc -o conftest -g -O2   conftest.c -lpthread  >&5
conftest.c:65: warning: conflicting types for built-in function 'strcasecmp'
configure:11617: $? = 0
configure:11617: result: yes
configure:11617: checking for strchr
configure:11617: gcc -o conftest -g -O2   conftest.c -lpthread  >&5
conftest.c:66: warning: conflicting types for built-in function 'strchr'
configure:11617: $? = 0
configure:11617: result: yes
configure:11617: checking for strerror
configure:11617: gcc -o conftest -g -O2   conftest.c -lpthread  >&5
configure:11617: $? = 0
configure:11617: result: yes
configure:11617: checking for strpbrk
configure:11617: gcc -o conftest -g -O2   conftest.c -lpthread  >&5
conftest.c:68: warning: conflicting types for built-in function 'strpbrk'
configure:11617: $? = 0
configure:11617: result: yes
configure:11617: checking for strrchr
configure:11617: gcc -o conftest -g -O2   conftest.c -lpthread  >&5
conftest.c:69: warning: conflicting types for built-in function 'strrchr'
configure:11617: $? = 0
configure:11617: result: yes
configure:11617: checking for strspn
configure:11617: gcc -o conftest -g -O2   conftest.c -lpthread  >&5
conftest.c:70: warning: conflicting types for built-in function 'strspn'
configure:11617: $? = 0
configure:11617: result: yes
configure:11617: checking for strtoul
configure:11617: gcc -o conftest -g -O2   conftest.c -lpthread  >&5
configure:11617: $? = 0
configure:11617: result: yes
configure:11748: creating ./config.status

## ---------------------- ##
## Running config.status. ##
## ---------------------- ##

This file was extended by ifreechat config.status 0.1, which was
generated by GNU Autoconf 2.65.  Invocation command line was

  CONFIG_FILES    = 
  CONFIG_HEADERS  = 
  CONFIG_LINKS    = 
  CONFIG_COMMANDS = 
  $ ./config.status 

on armor

config.status:1123: creating Makefile
config.status:1123: creating lib/Makefile
config.status:1123: creating lib/blowfish/Makefile
config.status:1123: creating lib/hash/Makefile
config.status:1123: creating lib/mem_pool/Makefile
config.status:1123: creating lib/encoding/Makefile
config.status:1123: creating lib/queue/Makefile
config.status:1123: creating lib/net/Makefile
config.status:1123: creating lib/protocol/Makefile
config.status:1123: creating src/Makefile
config.status:1123: creating src/feiq/Makefile
config.status:1123: creating src/ui/Makefile
config.status:1123: creating include/Makefile
config.status:1123: creating include/blowfish/Makefile
config.status:1123: creating include/net/Makefile
config.status:1123: creating include/protocol/Makefile
config.status:1123: creating include/mem_pool/Makefile
config.status:1123: creating include/queue/Makefile
config.status:1123: creating include/feiq/Makefile
config.status:1123: creating include/encoding/Makefile
config.status:1123: creating include/hash/Makefile
config.status:1123: creating config.h
config.status:1295: config.h is unchanged
config.status:1343: executing depfiles commands
config.status:1343: executing libtool commands

## ---------------- ##
## Cache variables. ##
## ---------------- ##

ac_cv_build=i686-pc-linux-gnu
ac_cv_c_compiler_gnu=yes
ac_cv_c_inline=inline
ac_cv_c_int64_t=yes
ac_cv_c_uint16_t=yes
ac_cv_c_uint32_t=yes
ac_cv_c_uint8_t=yes
ac_cv_env_CC_set=
ac_cv_env_CC_value=
ac_cv_env_CFLAGS_set=
ac_cv_env_CFLAGS_value=
ac_cv_env_CPPFLAGS_set=
ac_cv_env_CPPFLAGS_value=
ac_cv_env_CPP_set=
ac_cv_env_CPP_value=
ac_cv_env_GLIB2_CFLAGS_set=
ac_cv_env_GLIB2_CFLAGS_value=
ac_cv_env_GLIB2_LIBS_set=
ac_cv_env_GLIB2_LIBS_value=
ac_cv_env_GTK_CFLAGS_set=
ac_cv_env_GTK_CFLAGS_value=
ac_cv_env_GTK_LIBS_set=
ac_cv_env_GTK_LIBS_value=
ac_cv_env_LDFLAGS_set=
ac_cv_env_LDFLAGS_value=
ac_cv_env_LIBGLADE_CFLAGS_set=
ac_cv_env_LIBGLADE_CFLAGS_value=
ac_cv_env_LIBGLADE_LIBS_set=
ac_cv_env_LIBGLADE_LIBS_value=
ac_cv_env_LIBS_set=
ac_cv_env_LIBS_value=
ac_cv_env_LIBXML_CFLAGS_set=
ac_cv_env_LIBXML_CFLAGS_value=
ac_cv_env_LIBXML_LIBS_set=
ac_cv_env_LIBXML_LIBS_value=
ac_cv_env_PKG_CONFIG_set=
ac_cv_env_PKG_CONFIG_value=
ac_cv_env_build_alias_set=
ac_cv_env_build_alias_value=
ac_cv_env_host_alias_set=
ac_cv_env_host_alias_value=
ac_cv_env_target_alias_set=
ac_cv_env_target_alias_value=
ac_cv_func_bzero=yes
ac_cv_func_ftruncate=yes
ac_cv_func_malloc_0_nonnull=yes
ac_cv_func_memset=yes
ac_cv_func_socket=yes
ac_cv_func_strcasecmp=yes
ac_cv_func_strchr=yes
ac_cv_func_strerror=yes
ac_cv_func_strpbrk=yes
ac_cv_func_strrchr=yes
ac_cv_func_strspn=yes
ac_cv_func_strtoul=yes
ac_cv_header_arpa_inet_h=yes
ac_cv_header_dlfcn_h=yes
ac_cv_header_fcntl_h=yes
ac_cv_header_inttypes_h=yes
ac_cv_header_memory_h=yes
ac_cv_header_netdb_h=yes
ac_cv_header_netinet_in_h=yes
ac_cv_header_stdc=yes
ac_cv_header_stddef_h=yes
ac_cv_header_stdint_h=yes
ac_cv_header_stdlib_h=yes
ac_cv_header_string_h=yes
ac_cv_header_strings_h=yes
ac_cv_header_sys_socket_h=yes
ac_cv_header_sys_stat_h=yes
ac_cv_header_sys_types_h=yes
ac_cv_header_unistd_h=yes
ac_cv_host=i686-pc-linux-gnu
ac_cv_lib_pthread_pthread_create=yes
ac_cv_objext=o
ac_cv_path_EGREP='/bin/grep -E'
ac_cv_path_FGREP='/bin/grep -F'
ac_cv_path_GREP=/bin/grep
ac_cv_path_SED=/bin/sed
ac_cv_path_ac_pt_PKG_CONFIG=/usr/bin/pkg-config
ac_cv_path_install='/usr/bin/install -c'
ac_cv_path_mkdir=/bin/mkdir
ac_cv_prog_AWK=gawk
ac_cv_prog_CPP='gcc -E'
ac_cv_prog_ac_ct_AR=ar
ac_cv_prog_ac_ct_CC=gcc
ac_cv_prog_ac_ct_OBJDUMP=objdump
ac_cv_prog_ac_ct_RANLIB=ranlib
ac_cv_prog_ac_ct_STRIP=strip
ac_cv_prog_cc_c89=
ac_cv_prog_cc_g=yes
ac_cv_prog_cc_gcc_c_o=yes
ac_cv_prog_make_make_set=yes
ac_cv_type_size_t=yes
am_cv_CC_dependencies_compiler_type=gcc3
lt_cv_deplibs_check_method=pass_all
lt_cv_file_magic_cmd='$MAGIC_CMD'
lt_cv_file_magic_test_file=
lt_cv_ld_reload_flag=-r
lt_cv_nm_interface='BSD nm'
lt_cv_objdir=.libs
lt_cv_path_LD=/usr/bin/ld
lt_cv_path_NM='/usr/bin/nm -B'
lt_cv_prog_compiler_c_o=yes
lt_cv_prog_compiler_pic_works=yes
lt_cv_prog_compiler_rtti_exceptions=no
lt_cv_prog_compiler_static_works=yes
lt_cv_prog_gnu_ld=yes
lt_cv_sys_global_symbol_pipe='sed -n -e '\''s/^.*[	 ]\([ABCDGIRSTW][ABCDGIRSTW]*\)[	 ][	 ]*\([_A-Za-z][_A-Za-z0-9]*\)$/\1 \2 \2/p'\'''
lt_cv_sys_global_symbol_to_c_name_address='sed -n -e '\''s/^: \([^ ]*\) $/  {\"\1\", (void *) 0},/p'\'' -e '\''s/^[ABCDGIRSTW]* \([^ ]*\) \([^ ]*\)$/  {"\2", (void *) \&\2},/p'\'''
lt_cv_sys_global_symbol_to_c_name_address_lib_prefix='sed -n -e '\''s/^: \([^ ]*\) $/  {\"\1\", (void *) 0},/p'\'' -e '\''s/^[ABCDGIRSTW]* \([^ ]*\) \(lib[^ ]*\)$/  {"\2", (void *) \&\2},/p'\'' -e '\''s/^[ABCDGIRSTW]* \([^ ]*\) \([^ ]*\)$/  {"lib\2", (void *) \&\2},/p'\'''
lt_cv_sys_global_symbol_to_cdecl='sed -n -e '\''s/^T .* \(.*\)$/extern int \1();/p'\'' -e '\''s/^[ABCDGIRSTW]* .* \(.*\)$/extern char \1;/p'\'''
lt_cv_sys_max_cmd_len=1572864
pkg_cv_GLIB2_CFLAGS='-I/usr/include/glib-2.0 -I/usr/lib/glib-2.0/include  '
pkg_cv_GLIB2_LIBS='-lglib-2.0  '
pkg_cv_GTK_CFLAGS='-pthread -D_REENTRANT -I/usr/include/gtk-2.0 -I/usr/lib/gtk-2.0/include -I/usr/include/atk-1.0 -I/usr/include/cairo -I/usr/include/pango-1.0 -I/usr/include/gio-unix-2.0/ -I/usr/include/glib-2.0 -I/usr/lib/glib-2.0/include -I/usr/include/pixman-1 -I/usr/include/freetype2 -I/usr/include/directfb -I/usr/include/libpng12  '
pkg_cv_GTK_LIBS='-pthread -lgtk-x11-2.0 -lgdk-x11-2.0 -latk-1.0 -lgio-2.0 -lpangoft2-1.0 -lgdk_pixbuf-2.0 -lm -lpangocairo-1.0 -lcairo -lpango-1.0 -lfreetype -lfontconfig -lgobject-2.0 -lgmodule-2.0 -lgthread-2.0 -lrt -lglib-2.0  '
pkg_cv_LIBGLADE_CFLAGS='-pthread -D_REENTRANT -I/usr/include/libglade-2.0 -I/usr/include/gtk-2.0 -I/usr/include/libxml2 -I/usr/lib/gtk-2.0/include -I/usr/include/atk-1.0 -I/usr/include/cairo -I/usr/include/pango-1.0 -I/usr/include/gio-unix-2.0/ -I/usr/include/glib-2.0 -I/usr/lib/glib-2.0/include -I/usr/include/pixman-1 -I/usr/include/freetype2 -I/usr/include/directfb -I/usr/include/libpng12  '
pkg_cv_LIBGLADE_LIBS='-pthread -lglade-2.0 -lgtk-x11-2.0 -lxml2 -lgdk-x11-2.0 -latk-1.0 -lgio-2.0 -lpangoft2-1.0 -lgdk_pixbuf-2.0 -lm -lpangocairo-1.0 -lcairo -lpango-1.0 -lfreetype -lfontconfig -lgobject-2.0 -lgmodule-2.0 -lgthread-2.0 -lrt -lglib-2.0  '
pkg_cv_LIBXML_CFLAGS='-I/usr/include/libxml2  '
pkg_cv_LIBXML_LIBS='-lxml2  '

## ----------------- ##
## Output variables. ##
## ----------------- ##

ACLOCAL='${SHELL} /home/youngtrips/workspace/iFreeChat/ifc/missing --run aclocal-1.11'
AMDEPBACKSLASH='\'
AMDEP_FALSE='#'
AMDEP_TRUE=''
AMTAR='${SHELL} /home/youngtrips/workspace/iFreeChat/ifc/missing --run tar'
AR='ar'
AUTOCONF='${SHELL} /home/youngtrips/workspace/iFreeChat/ifc/missing --run autoconf'
AUTOHEADER='${SHELL} /home/youngtrips/workspace/iFreeChat/ifc/missing --run autoheader'
AUTOMAKE='${SHELL} /home/youngtrips/workspace/iFreeChat/ifc/missing --run automake-1.11'
AWK='gawk'
CC='gcc'
CCDEPMODE='depmode=gcc3'
CFLAGS='-g -O2'
CPP='gcc -E'
CPPFLAGS=''
CYGPATH_W='echo'
DEFS='-DHAVE_CONFIG_H'
DEPDIR='.deps'
DSYMUTIL=''
DUMPBIN=''
ECHO_C=''
ECHO_N='-n'
ECHO_T=''
EGREP='/bin/grep -E'
EXEEXT=''
FGREP='/bin/grep -F'
GLIB2_CFLAGS='-I/usr/include/glib-2.0 -I/usr/lib/glib-2.0/include  '
GLIB2_LIBS='-lglib-2.0  '
GREP='/bin/grep'
GTK_CFLAGS='-pthread -D_REENTRANT -I/usr/include/gtk-2.0 -I/usr/lib/gtk-2.0/include -I/usr/include/atk-1.0 -I/usr/include/cairo -I/usr/include/pango-1.0 -I/usr/include/gio-unix-2.0/ -I/usr/include/glib-2.0 -I/usr/lib/glib-2.0/include -I/usr/include/pixman-1 -I/usr/include/freetype2 -I/usr/include/directfb -I/usr/include/libpng12  '
GTK_LIBS='-pthread -lgtk-x11-2.0 -lgdk-x11-2.0 -latk-1.0 -lgio-2.0 -lpangoft2-1.0 -lgdk_pixbuf-2.0 -lm -lpangocairo-1.0 -lcairo -lpango-1.0 -lfreetype -lfontconfig -lgobject-2.0 -lgmodule-2.0 -lgthread-2.0 -lrt -lglib-2.0  '
INSTALL_DATA='${INSTALL} -m 644'
INSTALL_PROGRAM='${INSTALL}'
INSTALL_SCRIPT='${INSTALL}'
INSTALL_STRIP_PROGRAM='$(install_sh) -c -s'
LD='/usr/bin/ld'
LDFLAGS=''
LIBGLADE_CFLAGS='-pthread -D_REENTRANT -I/usr/include/libglade-2.0 -I/usr/include/gtk-2.0 -I/usr/include/libxml2 -I/usr/lib/gtk-2.0/include -I/usr/include/atk-1.0 -I/usr/include/cairo -I/usr/include/pango-1.0 -I/usr/include/gio-unix-2.0/ -I/usr/include/glib-2.0 -I/usr/lib/glib-2.0/include -I/usr/include/pixman-1 -I/usr/include/freetype2 -I/usr/include/directfb -I/usr/include/libpng12  '
LIBGLADE_LIBS='-pthread -lglade-2.0 -lgtk-x11-2.0 -lxml2 -lgdk-x11-2.0 -latk-1.0 -lgio-2.0 -lpangoft2-1.0 -lgdk_pixbuf-2.0 -lm -lpangocairo-1.0 -lcairo -lpango-1.0 -lfreetype -lfontconfig -lgobject-2.0 -lgmodule-2.0 -lgthread-2.0 -lrt -lglib-2.0  '
LIBOBJS=''
LIBS='-lpthread '
LIBTOOL='$(SHELL) $(top_builddir)/libtool'
LIBXML_CFLAGS='-I/usr/include/libxml2  '
LIBXML_LIBS='-lxml2  '
LIPO=''
LN_S='ln -s'
LTLIBOBJS=''
MAKEINFO='${SHELL} /home/youngtrips/workspace/iFreeChat/ifc/missing --run makeinfo'
MKDIR_P='/bin/mkdir -p'
NM='/usr/bin/nm -B'
NMEDIT=''
OBJDUMP='objdump'
OBJEXT='o'
OTOOL64=''
OTOOL=''
PACKAGE='ifreechat'
PACKAGE_BUGREPORT='http://codedelight.net'
PACKAGE_NAME='ifreechat'
PACKAGE_STRING='ifreechat 0.1'
PACKAGE_TARNAME='ifreechat'
PACKAGE_URL=''
PACKAGE_VERSION='0.1'
PATH_SEPARATOR=':'
PKG_CONFIG='/usr/bin/pkg-config'
RANLIB='ranlib'
SED='/bin/sed'
SET_MAKE=''
SHELL='/bin/bash'
STRIP='strip'
VERSION='0.1'
ac_ct_CC='gcc'
ac_ct_DUMPBIN=''
am__EXEEXT_FALSE=''
am__EXEEXT_TRUE='#'
am__fastdepCC_FALSE='#'
am__fastdepCC_TRUE=''
am__include='include'
am__isrc=''
am__leading_dot='.'
am__quote=''
am__tar='${AMTAR} chof - "$$tardir"'
am__untar='${AMTAR} xf -'
bindir='${exec_prefix}/bin'
build='i686-pc-linux-gnu'
build_alias=''
build_cpu='i686'
build_os='linux-gnu'
build_vendor='pc'
datadir='${datarootdir}'
datarootdir='${prefix}/share'
docdir='${datarootdir}/doc/${PACKAGE_TARNAME}'
dvidir='${docdir}'
exec_prefix='${prefix}'
host='i686-pc-linux-gnu'
host_alias=''
host_cpu='i686'
host_os='linux-gnu'
host_vendor='pc'
htmldir='${docdir}'
includedir='${prefix}/include'
infodir='${datarootdir}/info'
install_sh='${SHELL} /home/youngtrips/workspace/iFreeChat/ifc/install-sh'
libdir='${exec_prefix}/lib'
libexecdir='${exec_prefix}/libexec'
localedir='${datarootdir}/locale'
localstatedir='${prefix}/var'
lt_ECHO='echo'
mandir='${datarootdir}/man'
mkdir_p='/bin/mkdir -p'
oldincludedir='/usr/include'
pdfdir='${docdir}'
prefix='/usr/local'
program_transform_name='s,x,x,'
psdir='${docdir}'
sbindir='${exec_prefix}/sbin'
sharedstatedir='${prefix}/com'
sysconfdir='${prefix}/etc'
target_alias=''

## ----------- ##
## confdefs.h. ##
## ----------- ##

/* confdefs.h */
#define PACKAGE_NAME "ifreechat"
#define PACKAGE_TARNAME "ifreechat"
#define PACKAGE_VERSION "0.1"
#define PACKAGE_STRING "ifreechat 0.1"
#define PACKAGE_BUGREPORT "http://codedelight.net"
#define PACKAGE_URL ""
#define PACKAGE "ifreechat"
#define VERSION "0.1"
#define STDC_HEADERS 1
#define HAVE_SYS_TYPES_H 1
#define HAVE_SYS_STAT_H 1
#define HAVE_STDLIB_H 1
#define HAVE_STRING_H 1
#define HAVE_MEMORY_H 1
#define HAVE_STRINGS_H 1
#define HAVE_INTTYPES_H 1
#define HAVE_STDINT_H 1
#define HAVE_UNISTD_H 1
#define HAVE_DLFCN_H 1
#define LT_OBJDIR ".libs/"
#define HAVE_ARPA_INET_H 1
#define HAVE_FCNTL_H 1
#define HAVE_NETDB_H 1
#define HAVE_NETINET_IN_H 1
#define HAVE_STDDEF_H 1
#define HAVE_STDINT_H 1
#define HAVE_STDLIB_H 1
#define HAVE_STRING_H 1
#define HAVE_SYS_SOCKET_H 1
#define HAVE_UNISTD_H 1
#define USE_GTK 1
#define USE_LIBXML 1
#define HAVE_LIBPTHREAD 1
#define HAVE_STDLIB_H 1
#define HAVE_MALLOC 1
#define HAVE_BZERO 1
#define HAVE_FTRUNCATE 1
#define HAVE_MEMSET 1
#define HAVE_SOCKET 1
#define HAVE_STRCASECMP 1
#define HAVE_STRCHR 1
#define HAVE_STRERROR 1
#define HAVE_STRPBRK 1
#define HAVE_STRRCHR 1
#define HAVE_STRSPN 1
#define HAVE_STRTOUL 1

configure: exit 0

## ---------------------- ##
## Running config.status. ##
## ---------------------- ##

This file was extended by ifreechat config.status 0.1, which was
generated by GNU Autoconf 2.65.  Invocation command line was

  CONFIG_FILES    = 
  CONFIG_HEADERS  = 
  CONFIG_LINKS    = 
  CONFIG_COMMANDS = 
  $ ./config.status src/feiq/Makefile depfiles

on armor

config.status:1123: creating src/feiq/Makefile
config.status:1343: executing depfiles commands

## ---------------------- ##
## Running config.status. ##
## ---------------------- ##

This file was extended by ifreechat config.status 0.1, which was
generated by GNU Autoconf 2.65.  Invocation command line was

  CONFIG_FILES    = 
  CONFIG_HEADERS  = 
  CONFIG_LINKS    = 
  CONFIG_COMMANDS = 
  $ ./config.status src/feiq/Makefile depfiles

on armor

config.status:1123: creating src/feiq/Makefile
config.status:1343: executing depfiles commands

## ---------------------- ##
## Running config.status. ##
## ---------------------- ##

This file was extended by ifreechat config.status 0.1, which was
generated by GNU Autoconf 2.65.  Invocation command line was

  CONFIG_FILES    = 
  CONFIG_HEADERS  = 
  CONFIG_LINKS    = 
  CONFIG_COMMANDS = 
  $ ./config.status src/Makefile depfiles

on armor

config.status:1123: creating src/Makefile
config.status:1343: executing depfiles commands

## ---------------------- ##
## Running config.status. ##
## ---------------------- ##

This file was extended by ifreechat config.status 0.1, which was
generated by GNU Autoconf 2.65.  Invocation command line was

  CONFIG_FILES    = 
  CONFIG_HEADERS  = 
  CONFIG_LINKS    = 
  CONFIG_COMMANDS = 
  $ ./config.status src/Makefile depfiles

on armor

config.status:1123: creating src/Makefile
config.status:1343: executing depfiles commands

## ---------------------- ##
## Running config.status. ##
## ---------------------- ##

This file was extended by ifreechat config.status 0.1, which was
generated by GNU Autoconf 2.65.  Invocation command line was

  CONFIG_FILES    = 
  CONFIG_HEADERS  = 
  CONFIG_LINKS    = 
  CONFIG_COMMANDS = 
  $ ./config.status src/Makefile depfiles

on armor

config.status:1123: creating src/Makefile
config.status:1343: executing depfiles commands
